<?xml version="1.0" encoding="UTF-8"?>
<!-- Generated by org.testng.reporters.JUnitXMLReporter -->
<testsuite ignored="0" hostname="KairosHW0347" failures="0" tests="6" name="Default test" time="10.112" errors="0" timestamp="2023-10-14T11:12:52 IST">
  <testcase classname="api.test.DDTests" name="testPostUser" time="2.982"/>
  <testcase classname="api.test.DDTests" name="testPostUser" time="1.142"/>
  <testcase classname="api.test.DDTests" name="testPostUser" time="1.36"/>
  <testcase classname="api.test.DDTests" name="testDeleteByName" time="1.114"/>
  <testcase classname="api.test.DDTests" name="testDeleteByName" time="1.129"/>
  <testcase classname="api.test.DDTests" name="testDeleteByName" time="1.178"/>
</testsuite> <!-- Default test -->
