<?xml version="1.0" encoding="UTF-8"?>
<testng-results ignored="0" total="10" passed="10" failed="0" skipped="0">
  <reporter-output>
  </reporter-output>
  <suite started-at="2023-10-14T14:41:37 IST" name="PetSuite" finished-at="2023-10-14T14:41:56 IST" duration-ms="19356">
    <groups>
    </groups>
    <test started-at="2023-10-14T14:41:37 IST" name="PetTests" finished-at="2023-10-14T14:41:56 IST" duration-ms="19356">
      <class name="api.test.UserTests2">
        <test-method is-config="true" signature="setUp()[pri:0, instance:api.test.UserTests2@35ef1869]" started-at="2023-10-14T14:41:37 IST" name="setUp" finished-at="2023-10-14T14:41:37 IST" duration-ms="174" status="PASS">
          <reporter-output>
          </reporter-output>
        </test-method> <!-- setUp -->
        <test-method signature="testPostUser()[pri:1, instance:api.test.UserTests2@35ef1869]" started-at="2023-10-14T14:41:37 IST" name="testPostUser" finished-at="2023-10-14T14:41:40 IST" duration-ms="3238" status="PASS">
          <reporter-output>
          </reporter-output>
        </test-method> <!-- testPostUser -->
        <test-method signature="testGetUSerByName()[pri:2, instance:api.test.UserTests2@35ef1869]" started-at="2023-10-14T14:41:40 IST" name="testGetUSerByName" finished-at="2023-10-14T14:41:42 IST" duration-ms="1515" status="PASS">
          <reporter-output>
          </reporter-output>
        </test-method> <!-- testGetUSerByName -->
        <test-method signature="testUpdateUserByName()[pri:3, instance:api.test.UserTests2@35ef1869]" started-at="2023-10-14T14:41:42 IST" name="testUpdateUserByName" finished-at="2023-10-14T14:41:45 IST" duration-ms="3161" status="PASS">
          <reporter-output>
          </reporter-output>
        </test-method> <!-- testUpdateUserByName -->
        <test-method signature="testDeleteUser()[pri:4, instance:api.test.UserTests2@35ef1869]" started-at="2023-10-14T14:41:45 IST" name="testDeleteUser" finished-at="2023-10-14T14:41:46 IST" duration-ms="1441" status="PASS">
          <reporter-output>
          </reporter-output>
        </test-method> <!-- testDeleteUser -->
      </class> <!-- api.test.UserTests2 -->
      <class name="api.test.DDTests">
        <test-method signature="testPostUser(java.lang.String,java.lang.String,java.lang.String,java.lang.String,java.lang.String,java.lang.String,java.lang.String)[pri:1, instance:api.test.DDTests@7164ca4c]" started-at="2023-10-14T14:41:48 IST" name="testPostUser" data-provider="Data" finished-at="2023-10-14T14:41:49 IST" duration-ms="1516" status="PASS">
          <params>
            <param index="0">
              <value>
                <![CDATA[1010]]>
              </value>
            </param>
            <param index="1">
              <value>
                <![CDATA[testuser1]]>
              </value>
            </param>
            <param index="2">
              <value>
                <![CDATA[John]]>
              </value>
            </param>
            <param index="3">
              <value>
                <![CDATA[Canedy]]>
              </value>
            </param>
            <param index="4">
              <value>
                <![CDATA[a@gmail.com]]>
              </value>
            </param>
            <param index="5">
              <value>
                <![CDATA[test@1]]>
              </value>
            </param>
            <param index="6">
              <value>
                <![CDATA[123456789]]>
              </value>
            </param>
          </params>
          <reporter-output>
          </reporter-output>
        </test-method> <!-- testPostUser -->
        <test-method signature="testPostUser(java.lang.String,java.lang.String,java.lang.String,java.lang.String,java.lang.String,java.lang.String,java.lang.String)[pri:1, instance:api.test.DDTests@7164ca4c]" started-at="2023-10-14T14:41:49 IST" name="testPostUser" data-provider="Data" finished-at="2023-10-14T14:41:50 IST" duration-ms="1344" status="PASS">
          <params>
            <param index="0">
              <value>
                <![CDATA[1020]]>
              </value>
            </param>
            <param index="1">
              <value>
                <![CDATA[testuser2]]>
              </value>
            </param>
            <param index="2">
              <value>
                <![CDATA[Kim]]>
              </value>
            </param>
            <param index="3">
              <value>
                <![CDATA[Kom]]>
              </value>
            </param>
            <param index="4">
              <value>
                <![CDATA[b@gmail.com]]>
              </value>
            </param>
            <param index="5">
              <value>
                <![CDATA[test@2]]>
              </value>
            </param>
            <param index="6">
              <value>
                <![CDATA[123456789]]>
              </value>
            </param>
          </params>
          <reporter-output>
          </reporter-output>
        </test-method> <!-- testPostUser -->
        <test-method signature="testPostUser(java.lang.String,java.lang.String,java.lang.String,java.lang.String,java.lang.String,java.lang.String,java.lang.String)[pri:1, instance:api.test.DDTests@7164ca4c]" started-at="2023-10-14T14:41:50 IST" name="testPostUser" data-provider="Data" finished-at="2023-10-14T14:41:52 IST" duration-ms="1227" status="PASS">
          <params>
            <param index="0">
              <value>
                <![CDATA[1030]]>
              </value>
            </param>
            <param index="1">
              <value>
                <![CDATA[testuser3]]>
              </value>
            </param>
            <param index="2">
              <value>
                <![CDATA[Smith]]>
              </value>
            </param>
            <param index="3">
              <value>
                <![CDATA[Steve]]>
              </value>
            </param>
            <param index="4">
              <value>
                <![CDATA[c@gmail.com]]>
              </value>
            </param>
            <param index="5">
              <value>
                <![CDATA[test@3]]>
              </value>
            </param>
            <param index="6">
              <value>
                <![CDATA[123456789]]>
              </value>
            </param>
          </params>
          <reporter-output>
          </reporter-output>
        </test-method> <!-- testPostUser -->
        <test-method signature="testDeleteByName(java.lang.String)[pri:3, instance:api.test.DDTests@7164ca4c]" started-at="2023-10-14T14:41:52 IST" name="testDeleteByName" data-provider="UserNames" finished-at="2023-10-14T14:41:53 IST" duration-ms="1315" status="PASS">
          <params>
            <param index="0">
              <value>
                <![CDATA[testuser1]]>
              </value>
            </param>
          </params>
          <reporter-output>
          </reporter-output>
        </test-method> <!-- testDeleteByName -->
        <test-method signature="testDeleteByName(java.lang.String)[pri:3, instance:api.test.DDTests@7164ca4c]" started-at="2023-10-14T14:41:53 IST" name="testDeleteByName" data-provider="UserNames" finished-at="2023-10-14T14:41:55 IST" duration-ms="1439" status="PASS">
          <params>
            <param index="0">
              <value>
                <![CDATA[testuser2]]>
              </value>
            </param>
          </params>
          <reporter-output>
          </reporter-output>
        </test-method> <!-- testDeleteByName -->
        <test-method signature="testDeleteByName(java.lang.String)[pri:3, instance:api.test.DDTests@7164ca4c]" started-at="2023-10-14T14:41:55 IST" name="testDeleteByName" data-provider="UserNames" finished-at="2023-10-14T14:41:56 IST" duration-ms="1424" status="PASS">
          <params>
            <param index="0">
              <value>
                <![CDATA[testuser3]]>
              </value>
            </param>
          </params>
          <reporter-output>
          </reporter-output>
        </test-method> <!-- testDeleteByName -->
      </class> <!-- api.test.DDTests -->
    </test> <!-- PetTests -->
  </suite> <!-- PetSuite -->
</testng-results>
