<?xml version="1.0" encoding="UTF-8"?>
<!-- Generated by org.testng.reporters.JUnitXMLReporter -->
<testsuite ignored="0" hostname="KairosHW0347" failures="0" tests="10" name="PetTests" time="19.356" errors="0" timestamp="2023-10-14T14:41:56 IST">
  <testcase classname="api.test.UserTests2" name="testPostUser" time="3.238"/>
  <testcase classname="api.test.UserTests2" name="testGetUSerByName" time="1.515"/>
  <testcase classname="api.test.UserTests2" name="testUpdateUserByName" time="3.161"/>
  <testcase classname="api.test.UserTests2" name="testDeleteUser" time="1.441"/>
  <testcase classname="api.test.DDTests" name="testPostUser" time="1.516"/>
  <testcase classname="api.test.DDTests" name="testPostUser" time="1.344"/>
  <testcase classname="api.test.DDTests" name="testPostUser" time="1.227"/>
  <testcase classname="api.test.DDTests" name="testDeleteByName" time="1.315"/>
  <testcase classname="api.test.DDTests" name="testDeleteByName" time="1.439"/>
  <testcase classname="api.test.DDTests" name="testDeleteByName" time="1.424"/>
</testsuite> <!-- PetTests -->
