<?xml version="1.0" encoding="UTF-8"?>
<!-- Generated by org.testng.reporters.JUnitXMLReporter -->
<testsuite ignored="0" hostname="KairosHW0347" failures="0" tests="4" name="PetTests" time="11.642" errors="0" timestamp="2023-10-14T12:21:51 IST">
  <testcase classname="api.test.UserTests2" name="testPostUser" time="4.38"/>
  <testcase classname="api.test.UserTests2" name="testGetUSerByName" time="1.427"/>
  <testcase classname="api.test.UserTests2" name="testUpdateUserByName" time="2.964"/>
  <testcase classname="api.test.UserTests2" name="testDeleteUser" time="1.512"/>
</testsuite> <!-- PetTests -->
